
  .   ____          _            __ _ _
 /\\ / ___'_ __ _ _(_)_ __  __ _ \ \ \ \
( ( )\___ | '_ | '_| | '_ \/ _` | \ \ \ \
 \\/  ___)| |_)| | | | | || (_| |  ) ) ) )
  '  |____| .__|_| |_|_| |_\__, | / / / /
 =========|_|==============|___/=/_/_/_/

 :: Spring Boot ::                (v4.0.2)

2026-01-26T21:20:02.743Z  INFO 87287 --- [           main] c.h.otj_logger.OtjLoggerApplication      : Starting OtjLoggerApplication v0.0.1-SNAPSHOT using Java 17.0.13 with PID 87287 (/Users/yara.wehmuthsoler/Documents/Apprenticeship/Winter-hackathon/winter-hackathon-back-end/otj-logger/target/otj-logger-0.0.1-SNAPSHOT.jar started by yara.wehmuthsoler in /Users/yara.wehmuthsoler/Documents/Apprenticeship/Winter-hackathon/winter-hackathon-back-end/otj-logger)
2026-01-26T21:20:02.745Z  INFO 87287 --- [           main] c.h.otj_logger.OtjLoggerApplication      : No active profile set, falling back to 1 default profile: "default"
2026-01-26T21:20:03.267Z  INFO 87287 --- [           main] .s.d.r.c.RepositoryConfigurationDelegate : Bootstrapping Spring Data JPA repositories in DEFAULT mode.
2026-01-26T21:20:03.305Z  INFO 87287 --- [           main] .s.d.r.c.RepositoryConfigurationDelegate : Finished Spring Data repository scanning in 32 ms. Found 1 JPA repository interface.
2026-01-26T21:20:03.771Z  INFO 87287 --- [           main] o.s.boot.tomcat.TomcatWebServer          : Tomcat initialized with port 8080 (http)
2026-01-26T21:20:03.781Z  INFO 87287 --- [           main] o.apache.catalina.core.StandardService   : Starting service [Tomcat]
2026-01-26T21:20:03.781Z  INFO 87287 --- [           main] o.apache.catalina.core.StandardEngine    : Starting Servlet engine: [Apache Tomcat/11.0.15]
2026-01-26T21:20:03.804Z  INFO 87287 --- [           main] b.w.c.s.WebApplicationContextInitializer : Root WebApplicationContext: initialization completed in 1014 ms
H2Console servlet registered at /h2-console
2026-01-26T21:20:03.955Z  INFO 87287 --- [           main] org.hibernate.orm.jpa                    : HHH008540: Processing PersistenceUnitInfo [name: default]
2026-01-26T21:20:03.994Z  INFO 87287 --- [           main] org.hibernate.orm.core                   : HHH000001: Hibernate ORM core version 7.2.1.Final
2026-01-26T21:20:04.378Z  INFO 87287 --- [           main] o.s.o.j.p.SpringPersistenceUnitInfo      : No LoadTimeWeaver setup: ignoring JPA class transformer
2026-01-26T21:20:04.400Z  INFO 87287 --- [           main] com.zaxxer.hikari.HikariDataSource       : HikariPool-1 - Starting...
2026-01-26T21:20:07.977Z  INFO 87287 --- [           main] com.zaxxer.hikari.pool.HikariPool        : HikariPool-1 - Added connection conn1: url=jdbc:h2:~/test user=SA
2026-01-26T21:20:07.978Z  INFO 87287 --- [           main] com.zaxxer.hikari.HikariDataSource       : HikariPool-1 - Start completed.
2026-01-26T21:20:08.025Z  INFO 87287 --- [           main] org.hibernate.orm.connections.pooling    : HHH10001005: Database info:
	Database JDBC URL [jdbc:h2:~/test]
	Database driver: H2 JDBC Driver
	Database dialect: H2Dialect
	Database version: 2.4.240
	Default catalog/schema: TEST/PUBLIC
	Autocommit mode: undefined/unknown
	Isolation level: READ_COMMITTED [default READ_COMMITTED]
	JDBC fetch size: 100
	Pool: DataSourceConnectionProvider
	Minimum pool size: undefined/unknown
	Maximum pool size: undefined/unknown
2026-01-26T21:20:08.642Z  INFO 87287 --- [           main] org.hibernate.orm.core                   : HHH000489: No JTA platform available (set 'hibernate.transaction.jta.platform' to enable JTA platform integration)
2026-01-26T21:20:08.679Z  INFO 87287 --- [           main] j.LocalContainerEntityManagerFactoryBean : Initialized JPA EntityManagerFactory for persistence unit 'default'
2026-01-26T21:20:08.755Z  INFO 87287 --- [           main] o.s.d.j.r.query.QueryEnhancerFactories   : Hibernate is in classpath; If applicable, HQL parser will be used.
2026-01-26T21:20:08.842Z  WARN 87287 --- [           main] JpaBaseConfiguration$JpaWebConfiguration : spring.jpa.open-in-view is enabled by default. Therefore, database queries may be performed during view rendering. Explicitly configure spring.jpa.open-in-view to disable this warning
2026-01-26T21:20:09.122Z  INFO 87287 --- [           main] o.s.boot.tomcat.TomcatWebServer          : Tomcat started on port 8080 (http) with context path '/'
2026-01-26T21:20:09.136Z  INFO 87287 --- [           main] c.h.otj_logger.OtjLoggerApplication      : Started OtjLoggerApplication in 6.881 seconds (process running for 7.306)
